<?xml version="1.0" encoding="UTF-8"?>
<testsuite xmlns:xsi="http://www.w3.org/2001/XMLSchema-instance" xsi:noNamespaceSchemaLocation="https://maven.apache.org/surefire/maven-surefire-plugin/xsd/surefire-test-report.xsd" name="ibf2021.day2.BankAccountTest" time="0.003" tests="6" errors="0" skipped="0" failures="0">
  <properties>
[...]
</properties>
  <testcase name="getTransactions" classname="ibf2021.day2.BankAccountTest" time="0"/>
  <testcase name="getBankAccNumber" classname="ibf2021.day2.BankAccountTest" time="0"/>
  <testcase name="testGetName" classname="ibf2021.day2.BankAccountTest" time="0"/>
  <testcase name="testWithdraw" classname="ibf2021.day2.BankAccountTest" time="0.001"/>
  <testcase name="testGetBalance" classname="ibf2021.day2.BankAccountTest" time="0"/>
  <testcase name="testDeposit" classname="ibf2021.day2.BankAccountTest" time="0.001"/>
</testsuite>